<?xml version="1.0" encoding="UTF-8"?>
<!-- Generated by org.testng.reporters.JUnitReportReporter -->
<testsuite skipped="0" hostname="DESKTOP-4ICSQ0J" name="tests.TestExecution" tests="1" failures="0" timestamp="2019-12-18T10:09:46 IST" time="19.213" errors="0">
  <testcase name="loginverify" time="19.213" classname="tests.TestExecution"/>
</testsuite> <!-- tests.TestExecution -->
