<?xml version="1.0" encoding="UTF-8"?>
<!-- Generated by org.testng.reporters.JUnitReportReporter -->
<testsuite skipped="0" hostname="DESKTOP-4ICSQ0J" name="MYOWNPROGRAMS.Popup" tests="1" failures="0" timestamp="2019-11-22T11:37:29 IST" time="6.944" errors="0">
  <testcase name="f" time="6.944" classname="MYOWNPROGRAMS.Popup"/>
</testsuite> <!-- MYOWNPROGRAMS.Popup -->
