<?xml version="1.0" encoding="UTF-8"?>
<!-- Generated by org.testng.reporters.JUnitReportReporter -->
<testsuite skipped="0" hostname="DESKTOP-4ICSQ0J" name="MYOWNPROGRAMS.Getoptions" tests="1" failures="0" timestamp="2019-11-22T11:23:32 IST" time="3.326" errors="0">
  <testcase name="functionFlow" time="3.326" classname="MYOWNPROGRAMS.Getoptions"/>
</testsuite> <!-- MYOWNPROGRAMS.Getoptions -->
