<?xml version="1.0" encoding="UTF-8"?>
<!-- Generated by org.testng.reporters.JUnitReportReporter -->
<testsuite skipped="0" hostname="DESKTOP-4ICSQ0J" name="MYOWNPROGRAMS.Mouseover" tests="2" failures="0" timestamp="2019-11-22T11:37:29 IST" time="8.296" errors="0">
  <testcase name="loginoverfun" time="3.145" classname="MYOWNPROGRAMS.Mouseover"/>
  <testcase name="loginoverfun1" time="5.151" classname="MYOWNPROGRAMS.Mouseover"/>
</testsuite> <!-- MYOWNPROGRAMS.Mouseover -->
