<?xml version="1.0" encoding="UTF-8"?>
<!-- Generated by org.testng.reporters.JUnitReportReporter -->
<testsuite skipped="0" hostname="DESKTOP-4ICSQ0J" name="TestNG.InformationComends" tests="4" failures="0" timestamp="2019-12-02T12:56:00 IST" time="0.243" errors="0">
  <testcase name="f" time="0.061" classname="TestNG.InformationComends"/>
  <testcase name="dfdf" time="0.077" classname="TestNG.InformationComends"/>
  <testcase name="sfsf" time="0.044" classname="TestNG.InformationComends"/>
  <testcase name="zdac" time="0.061" classname="TestNG.InformationComends"/>
</testsuite> <!-- TestNG.InformationComends -->
