<?xml version="1.0" encoding="UTF-8"?>
<!-- Generated by org.testng.reporters.JUnitReportReporter -->
<testsuite skipped="0" hostname="DESKTOP-4ICSQ0J" name="TestNG.Hms" tests="2" failures="0" timestamp="2019-11-17T17:10:14 IST" time="55.591" errors="0">
  <testcase name="login" time="9.388" classname="TestNG.Hms"/>
  <testcase name="registation" time="46.203" classname="TestNG.Hms"/>
</testsuite> <!-- TestNG.Hms -->
