<?xml version="1.0" encoding="UTF-8"?>
<!-- Generated by org.testng.reporters.JUnitReportReporter -->
<testsuite skipped="0" hostname="DESKTOP-4ICSQ0J" name="TestNG.Indigo" tests="1" failures="0" timestamp="2019-11-20T20:21:21 IST" time="0.430" errors="0">
  <testcase name="book" time="0.430" classname="TestNG.Indigo"/>
</testsuite> <!-- TestNG.Indigo -->
