<?xml version="1.0" encoding="UTF-8"?>
<!-- Generated by org.testng.reporters.JUnitReportReporter -->
<testsuite skipped="0" hostname="DESKTOP-4ICSQ0J" name="TestNG.Alert" tests="1" failures="0" timestamp="2019-12-02T09:27:48 IST" time="7.113" errors="0">
  <testcase name="login" time="7.113" classname="TestNG.Alert"/>
</testsuite> <!-- TestNG.Alert -->
