<?xml version="1.0" encoding="UTF-8"?>
<!-- Generated by org.testng.reporters.JUnitReportReporter -->
<testsuite skipped="0" hostname="DESKTOP-4ICSQ0J" name="TestNG.AjaxControl" tests="1" failures="0" timestamp="2019-11-28T16:08:46 IST" time="0.551" errors="0">
  <testcase name="f" time="0.551" classname="TestNG.AjaxControl"/>
</testsuite> <!-- TestNG.AjaxControl -->
