<?xml version="1.0" encoding="UTF-8"?>
<!-- Generated by org.testng.reporters.JUnitReportReporter -->
<testsuite skipped="0" hostname="DESKTOP-4ICSQ0J" name="TestNG.Alertpopup" tests="2" failures="0" timestamp="2019-11-18T15:06:02 IST" time="22.464" errors="0">
  <testcase name="login" time="13.834" classname="TestNG.Alertpopup"/>
  <testcase name="registation" time="8.630" classname="TestNG.Alertpopup"/>
</testsuite> <!-- TestNG.Alertpopup -->
