<?xml version="1.0" encoding="UTF-8"?>
<!-- Generated by org.testng.reporters.JUnitReportReporter -->
<testsuite skipped="0" hostname="DESKTOP-4ICSQ0J" name="TestNG.HmsValidate" tests="1" failures="0" timestamp="2019-11-28T11:30:13 IST" time="5.652" errors="0">
  <testcase name="login" time="5.652" classname="TestNG.HmsValidate"/>
</testsuite> <!-- TestNG.HmsValidate -->
