<?xml version="1.0" encoding="UTF-8"?>
<!-- Generated by org.testng.reporters.JUnitReportReporter -->
<testsuite skipped="0" hostname="DESKTOP-4ICSQ0J" name="TestNG.Spicejetmouseover" tests="1" failures="0" timestamp="2019-11-18T17:00:48 IST" time="28.652" errors="0">
  <testcase name="f" time="28.652" classname="TestNG.Spicejetmouseover"/>
</testsuite> <!-- TestNG.Spicejetmouseover -->
