<?xml version="1.0" encoding="UTF-8"?>
<!-- Generated by org.testng.reporters.JUnitReportReporter -->
<testsuite skipped="0" hostname="DESKTOP-4ICSQ0J" name="TestNG.AbhiBus" tests="1" failures="0" timestamp="2019-11-21T21:39:51 IST" time="13.738" errors="0">
  <testcase name="booking" time="13.738" classname="TestNG.AbhiBus"/>
</testsuite> <!-- TestNG.AbhiBus -->
