<?xml version="1.0" encoding="UTF-8"?>
<!-- Generated by org.testng.reporters.JUnitReportReporter -->
<testsuite skipped="0" hostname="DESKTOP-4ICSQ0J" name="TestNG.Popup" tests="2" failures="0" timestamp="2019-11-27T13:51:14 IST" time="12.888" errors="0">
  <testcase name="login" time="5.948" classname="TestNG.Popup"/>
  <testcase name="feedback" time="6.940" classname="TestNG.Popup"/>
</testsuite> <!-- TestNG.Popup -->
