<?xml version="1.0" encoding="UTF-8"?>
<!-- Generated by org.testng.reporters.JUnitReportReporter -->
<testsuite skipped="0" hostname="DESKTOP-4ICSQ0J" name="TestNG.INformation" tests="1" failures="0" timestamp="2019-12-03T21:22:50 IST" time="7.415" errors="0">
  <testcase name="login" time="7.415" classname="TestNG.INformation"/>
</testsuite> <!-- TestNG.INformation -->
