<?xml version="1.0" encoding="UTF-8"?>
<!-- Generated by org.testng.reporters.JUnitReportReporter -->
<testsuite skipped="0" hostname="DESKTOP-4ICSQ0J" name="TestNG.MouseOver" tests="1" failures="0" timestamp="2019-11-27T14:25:30 IST" time="6.639" errors="0">
  <testcase name="login" time="6.639" classname="TestNG.MouseOver"/>
</testsuite> <!-- TestNG.MouseOver -->
