<?xml version="1.0" encoding="UTF-8"?>
<!-- Generated by org.testng.reporters.JUnitReportReporter -->
<testsuite skipped="0" hostname="DESKTOP-4ICSQ0J" name="TestNG.Assert" tests="1" failures="0" timestamp="2019-11-30T14:36:26 IST" time="0.016" errors="0">
  <testcase name="login" time="0.016" classname="TestNG.Assert"/>
</testsuite> <!-- TestNG.Assert -->
