<?xml version="1.0" encoding="UTF-8"?>
<!-- Generated by org.testng.reporters.JUnitReportReporter -->
<testsuite skipped="1" hostname="DESKTOP-4ICSQ0J" name="Mavenprograms.IRCTC" tests="1" failures="0" timestamp="2019-12-16T14:53:48 IST" time="0.000" errors="0">
  <testcase name="login" time="0.000" classname="Mavenprograms.IRCTC">
    <skipped/>
  </testcase> <!-- login -->
</testsuite> <!-- Mavenprograms.IRCTC -->
