<?xml version="1.0" encoding="UTF-8"?>
<!-- Generated by org.testng.reporters.JUnitReportReporter -->
<testsuite skipped="2" hostname="DESKTOP-4ICSQ0J" name="Mavenprograms.Hms" tests="2" failures="0" timestamp="2019-12-16T14:53:48 IST" time="0.000" errors="0">
  <testcase name="login" time="0.000" classname="Mavenprograms.Hms">
    <skipped/>
  </testcase> <!-- login -->
  <testcase name="registation" time="0.000" classname="Mavenprograms.Hms">
    <skipped/>
  </testcase> <!-- registation -->
</testsuite> <!-- Mavenprograms.Hms -->
