<?xml version="1.0" encoding="UTF-8"?>
<!-- Generated by org.testng.reporters.JUnitReportReporter -->
<testsuite skipped="0" hostname="DESKTOP-4ICSQ0J" name="Mavenprograms.printVal" tests="1" failures="0" timestamp="2019-12-14T12:10:51 IST" time="35.633" errors="0">
  <testcase name="testing" time="35.633" classname="Mavenprograms.printVal"/>
</testsuite> <!-- Mavenprograms.printVal -->
