<?xml version="1.0" encoding="UTF-8"?>
<!-- Generated by org.testng.reporters.JUnitReportReporter -->
<testsuite skipped="0" hostname="DESKTOP-4ICSQ0J" name="Mavenprograms.hmsdrivendata" tests="1" failures="0" timestamp="2019-12-14T15:19:26 IST" time="0.128" errors="0">
  <testcase name="login" time="0.128" classname="Mavenprograms.hmsdrivendata"/>
</testsuite> <!-- Mavenprograms.hmsdrivendata -->
