<?xml version="1.0" encoding="UTF-8"?>
<!-- Generated by org.testng.reporters.JUnitReportReporter -->
<testsuite skipped="0" hostname="DESKTOP-4ICSQ0J" name="Mavenprograms.Hms" tests="2" failures="0" timestamp="2019-12-15T10:47:09 IST" time="105.086" errors="0">
  <testcase name="login" time="6.385" classname="Mavenprograms.Hms"/>
  <testcase name="registation" time="98.701" classname="Mavenprograms.Hms"/>
</testsuite> <!-- Mavenprograms.Hms -->
