<?xml version="1.0" encoding="UTF-8"?>
<!-- Generated by org.testng.reporters.JUnitReportReporter -->
<testsuite skipped="0" hostname="DESKTOP-4ICSQ0J" name="Mavenprograms.Validition4" tests="1" failures="0" timestamp="2019-12-02T15:11:00 IST" time="2.554" errors="0">
  <testcase name="logout" time="2.554" classname="Mavenprograms.Validition4"/>
</testsuite> <!-- Mavenprograms.Validition4 -->
