<?xml version="1.0" encoding="UTF-8"?>
<!-- Generated by org.testng.reporters.JUnitReportReporter -->
<testsuite skipped="0" hostname="DESKTOP-4ICSQ0J" name="Mavenprograms.SpicejetMouseover" tests="1" failures="0" timestamp="2019-12-17T12:40:12 IST" time="214.182" errors="0">
  <testcase name="mouseover" time="214.182" classname="Mavenprograms.SpicejetMouseover"/>
</testsuite> <!-- Mavenprograms.SpicejetMouseover -->
