<?xml version="1.0" encoding="UTF-8"?>
<!-- Generated by org.testng.reporters.JUnitReportReporter -->
<testsuite skipped="0" hostname="DESKTOP-4ICSQ0J" name="Mavenprograms.swiggy" tests="1" failures="0" timestamp="2019-12-13T08:18:03 IST" time="8.612" errors="0">
  <testcase name="login" time="8.612" classname="Mavenprograms.swiggy"/>
</testsuite> <!-- Mavenprograms.swiggy -->
