<?xml version="1.0" encoding="UTF-8"?>
<!-- Generated by org.testng.reporters.JUnitReportReporter -->
<testsuite skipped="0" hostname="DESKTOP-4ICSQ0J" name="Mavenprograms.SpicejetMouseover" tests="1" failures="0" timestamp="2019-12-13T14:46:00 IST" time="7.612" errors="0">
  <testcase name="mouseover" time="7.612" classname="Mavenprograms.SpicejetMouseover"/>
</testsuite> <!-- Mavenprograms.SpicejetMouseover -->
