<?xml version="1.0" encoding="UTF-8"?>
<!-- Generated by org.testng.reporters.JUnitReportReporter -->
<testsuite skipped="0" hostname="DESKTOP-4ICSQ0J" name="Mavenprograms.Ebay" tests="1" failures="0" timestamp="2019-12-03T21:52:31 IST" time="0.582" errors="0">
  <testcase name="login" time="0.582" classname="Mavenprograms.Ebay"/>
</testsuite> <!-- Mavenprograms.Ebay -->
