<?xml version="1.0" encoding="UTF-8"?>
<!-- Generated by org.testng.reporters.JUnitReportReporter -->
<testsuite skipped="0" hostname="DESKTOP-4ICSQ0J" name="Mavenprograms.informationComends" tests="1" failures="0" timestamp="2019-12-13T16:00:24 IST" time="3.256" errors="0">
  <testcase name="login" time="3.256" classname="Mavenprograms.informationComends"/>
</testsuite> <!-- Mavenprograms.informationComends -->
