<?xml version="1.0" encoding="UTF-8"?>
<!-- Generated by org.testng.reporters.JUnitReportReporter -->
<testsuite skipped="0" hostname="DESKTOP-4ICSQ0J" name="Mavenprograms.tagshms" tests="1" failures="0" timestamp="2019-12-14T10:59:49 IST" time="4.533" errors="0">
  <testcase name="testing" time="4.533" classname="Mavenprograms.tagshms"/>
</testsuite> <!-- Mavenprograms.tagshms -->
