<?xml version="1.0" encoding="UTF-8"?>
<!-- Generated by org.testng.reporters.JUnitReportReporter -->
<testsuite skipped="0" hostname="DESKTOP-4ICSQ0J" name="Mavenprograms.Flifcart" tests="1" failures="0" timestamp="2019-11-29T10:44:58 IST" time="3.431" errors="0">
  <testcase name="login" time="3.431" classname="Mavenprograms.Flifcart"/>
</testsuite> <!-- Mavenprograms.Flifcart -->
