<?xml version="1.0" encoding="UTF-8"?>
<!-- Generated by org.testng.reporters.JUnitReportReporter -->
<testsuite skipped="0" hostname="DESKTOP-4ICSQ0J" name="Mavenprograms.Detadriven3" tests="1" failures="0" timestamp="2019-12-05T11:02:32 IST" time="0.228" errors="0">
  <testcase name="login" time="0.228" classname="Mavenprograms.Detadriven3"/>
</testsuite> <!-- Mavenprograms.Detadriven3 -->
