<?xml version="1.0" encoding="UTF-8"?>
<!-- Generated by org.testng.reporters.JUnitReportReporter -->
<testsuite skipped="0" hostname="DESKTOP-4ICSQ0J" name="Mavenprograms.AjaxyControl" tests="1" failures="0" timestamp="2019-12-14T09:24:30 IST" time="0.271" errors="0">
  <testcase name="manual" time="0.271" classname="Mavenprograms.AjaxyControl"/>
</testsuite> <!-- Mavenprograms.AjaxyControl -->
