<?xml version="1.0" encoding="UTF-8"?>
<!-- Generated by org.testng.reporters.JUnitReportReporter -->
<testsuite skipped="0" hostname="DESKTOP-4ICSQ0J" name="Mavenprograms.Tagname" tests="1" failures="0" timestamp="2019-12-14T11:02:26 IST" time="1.637" errors="0">
  <testcase name="test" time="1.637" classname="Mavenprograms.Tagname"/>
</testsuite> <!-- Mavenprograms.Tagname -->
