<?xml version="1.0" encoding="UTF-8"?>
<!-- Generated by org.testng.reporters.JUnitReportReporter -->
<testsuite skipped="0" hostname="DESKTOP-4ICSQ0J" name="Mavenprograms.HmsAlert" tests="12" failures="0" timestamp="2019-12-17T12:13:20 IST" time="19.238" errors="0">
  <testcase name="login" time="7.439" classname="Mavenprograms.HmsAlert"/>
  <testcase name="asse" time="0.000" classname="Mavenprograms.HmsAlert"/>
  <testcase name="popup" time="9.011" classname="Mavenprograms.HmsAlert"/>
  <testcase name="registation" time="1.401" classname="Mavenprograms.HmsAlert"/>
  <testcase name="valid" time="0.246" classname="Mavenprograms.HmsAlert"/>
  <testcase name="gender" time="0.273" classname="Mavenprograms.HmsAlert"/>
  <testcase name="suma" time="0.095" classname="Mavenprograms.HmsAlert"/>
  <testcase name="rama" time="0.177" classname="Mavenprograms.HmsAlert"/>
  <testcase name="boolea" time="0.148" classname="Mavenprograms.HmsAlert"/>
  <testcase name="asha" time="0.142" classname="Mavenprograms.HmsAlert"/>
  <testcase name="madhu" time="0.150" classname="Mavenprograms.HmsAlert"/>
  <testcase name="contains" time="0.156" classname="Mavenprograms.HmsAlert"/>
</testsuite> <!-- Mavenprograms.HmsAlert -->
