<?xml version="1.0" encoding="UTF-8"?>
<!-- Generated by org.testng.reporters.JUnitReportReporter -->
<testsuite skipped="0" hostname="DESKTOP-4ICSQ0J" name="Mavenprograms.HmsAlert" tests="11" failures="0" timestamp="2019-12-13T21:41:11 IST" time="18.100" errors="0">
  <testcase name="login" time="7.707" classname="Mavenprograms.HmsAlert"/>
  <testcase name="popup" time="8.975" classname="Mavenprograms.HmsAlert"/>
  <testcase name="registation" time="0.931" classname="Mavenprograms.HmsAlert"/>
  <testcase name="valid" time="0.080" classname="Mavenprograms.HmsAlert"/>
  <testcase name="gender" time="0.083" classname="Mavenprograms.HmsAlert"/>
  <testcase name="suma" time="0.045" classname="Mavenprograms.HmsAlert"/>
  <testcase name="rama" time="0.057" classname="Mavenprograms.HmsAlert"/>
  <testcase name="boolea" time="0.050" classname="Mavenprograms.HmsAlert"/>
  <testcase name="asha" time="0.046" classname="Mavenprograms.HmsAlert"/>
  <testcase name="madhu" time="0.048" classname="Mavenprograms.HmsAlert"/>
  <testcase name="contains" time="0.078" classname="Mavenprograms.HmsAlert"/>
</testsuite> <!-- Mavenprograms.HmsAlert -->
