<?xml version="1.0" encoding="UTF-8"?>
<!-- Generated by org.testng.reporters.JUnitReportReporter -->
<testsuite skipped="0" hostname="DESKTOP-4ICSQ0J" name="Mavenprograms.ValidationHms" tests="1" failures="0" timestamp="2019-12-02T09:02:13 IST" time="3.550" errors="0">
  <testcase name="login" time="3.550" classname="Mavenprograms.ValidationHms"/>
</testsuite> <!-- Mavenprograms.ValidationHms -->
